<?xml version="1.0" encoding="UTF-8"?>
<!-- Generated by org.testng.reporters.JUnitReportReporter -->
<testsuite hostname="UDAY" failures="0" tests="1" name="driverFactory.DriverSript" time="15.102" errors="0" timestamp="2022-09-19T20:19:43 IST" skipped="0">
  <testcase classname="driverFactory.DriverSript" name="startTest" time="15.102"/>
  <system-out>
    <![CDATA[No.of rows10   No.of cells4
Login successdashboard   http://orangehrm.qedgetech.com/symfony/web/index.php/dashboard
Invalid credentials   dashboard  http://orangehrm.qedgetech.com/symfony/web/index.php/auth/validateCredentials
Invalid credentials   dashboard  http://orangehrm.qedgetech.com/symfony/web/index.php/auth/validateCredentials
Invalid credentials   dashboard  http://orangehrm.qedgetech.com/symfony/web/index.php/auth/validateCredentials
Password cannot be empty   dashboard  http://orangehrm.qedgetech.com/symfony/web/index.php/auth/validateCredentials
Username cannot be empty   dashboard  http://orangehrm.qedgetech.com/symfony/web/index.php/auth/validateCredentials
Login successdashboard   http://orangehrm.qedgetech.com/symfony/web/index.php/dashboard
Password cannot be empty   dashboard  http://orangehrm.qedgetech.com/symfony/web/index.php/auth/validateCredentials
Login successdashboard   http://orangehrm.qedgetech.com/symfony/web/index.php/dashboard
Login successdashboard   http://orangehrm.qedgetech.com/symfony/web/index.php/dashboard]]>
  </system-out>
</testsuite> <!-- driverFactory.DriverSript -->
